<?xml version="1.0" encoding="UTF-8"?>
<!-- Generated by org.testng.reporters.JUnitReportReporter -->
<testsuite hostname="DESKTOP-LVE9FBQ" failures="0" tests="1" name="com.qa.testLayer.Homepage1Test" time="13.334" errors="0" timestamp="2022-07-20T16:21:38 IST" skipped="0">
  <testcase classname="com.qa.testLayer.Homepage1Test" name="verifyLogin" time="13.334"/>
  <system-out/>
</testsuite> <!-- com.qa.testLayer.Homepage1Test -->
