<?xml version="1.0" encoding="UTF-8"?>
<!-- Generated by org.testng.reporters.JUnitReportReporter -->
<testsuite hostname="DESKTOP-LVE9FBQ" failures="0" tests="1" name="com.qa.testLayer.FlipCartPageTest" time="16.594" errors="0" timestamp="2023-01-16T00:06:03 IST" skipped="0">
  <testcase classname="com.qa.testLayer.FlipCartPageTest" name="verifyFlipCart" time="16.594"/>
  <system-out/>
</testsuite> <!-- com.qa.testLayer.FlipCartPageTest -->
