<?xml version="1.0" encoding="UTF-8"?>
<!-- Generated by org.testng.reporters.JUnitReportReporter -->
<testsuite hostname="DESKTOP-LVE9FBQ" failures="0" tests="1" name="com.qa.testLayer.TradingPageTestForSell" time="25.488" errors="0" timestamp="2022-09-02T19:01:01 IST" skipped="0">
  <testcase classname="com.qa.testLayer.TradingPageTestForSell" name="shareSell" time="25.488"/>
  <system-out/>
</testsuite> <!-- com.qa.testLayer.TradingPageTestForSell -->
