<?xml version="1.0" encoding="UTF-8"?>
<!-- Generated by org.testng.reporters.JUnitReportReporter -->
<testsuite hostname="DESKTOP-LVE9FBQ" failures="0" tests="1" name="com.qa.testLayer.FlipCartPageTest" time="25.858" errors="0" timestamp="2023-01-15T11:31:46 IST" skipped="0">
  <testcase classname="com.qa.testLayer.FlipCartPageTest" name="verifyFlipCart" time="25.858"/>
  <system-out/>
</testsuite> <!-- com.qa.testLayer.FlipCartPageTest -->
